<?xml version="1.0" encoding="UTF-8"?>
<!-- Generated by org.testng.reporters.JUnitXMLReporter -->
<testsuite ignored="0" hostname="Sanjay-LT" failures="0" tests="3" name="Default test" time="69.873" errors="0" timestamp="2020-07-18T16:53:48 IST">
  <testcase classname="com.mnt.qa.testcases.LoginPageTest" name="loginPageTitleTest" time="0.043"/>
  <testcase classname="com.mnt.qa.testcases.LoginPageTest" name="loginPageValidateLogoImgTest" time="0.122"/>
  <testcase classname="com.mnt.qa.testcases.LoginPageTest" name="loginPageLoginTest" time="7.05"/>
</testsuite> <!-- Default test -->
