<?xml version="1.0" encoding="UTF-8" ?>
<testsuite tests="7" failures="3" name="TestSuite" time="6.417" errors="0" skipped="0">
  <properties>
[...]
</properties>
  <testcase classname="com.mnt.qa.testcases.CreateProductMasterTest" name="createProductTest" time="0.064">
    <failure message="Dismissed user prompt dialog: Failed: 
Build info: version: &apos;3.141.59&apos;, revision: &apos;e82be7d358&apos;, time: &apos;2018-11-14T08:17:03&apos;
System info: host: &apos;SANJAY-LT&apos;, ip: &apos;172.20.10.13&apos;, os.name: &apos;Windows 10&apos;, os.arch: &apos;amd64&apos;, os.version: &apos;10.0&apos;, java.version: &apos;12.0.1&apos;
Driver info: org.openqa.selenium.firefox.FirefoxDriver
Capabilities {acceptInsecureCerts: true, browserName: firefox, browserVersion: 78.0.2, javascriptEnabled: true, moz:accessibilityChecks: false, moz:buildID: 20200708170202, moz:geckodriverVersion: 0.26.0, moz:headless: false, moz:processID: 1728, moz:profile: C:\Windows\Temp\rust_mozpro..., moz:shutdownTimeout: 60000, moz:useNonSpecCompliantPointerOrigin: false, moz:webdriverClick: true, pageLoadStrategy: normal, platform: WINDOWS, platformName: WINDOWS, platformVersion: 10.0, rotatable: false, setWindowRect: true, strictFileInteractability: false, timeouts: {implicit: 0, pageLoad: 300000, script: 30000}, unhandledPromptBehavior: dismiss and notify}
Session ID: 6bcf4775-b4d6-4c96-8418-5ebc6d3e66eb
*** Element info: {Using=name, value=PRD_CLS_ID}" type="org.openqa.selenium.UnhandledAlertException">org.openqa.selenium.UnhandledAlertException: Dismissed user prompt dialog: Failed: 
Build info: version: &apos;3.141.59&apos;, revision: &apos;e82be7d358&apos;, time: &apos;2018-11-14T08:17:03&apos;
System info: host: &apos;SANJAY-LT&apos;, ip: &apos;172.20.10.13&apos;, os.name: &apos;Windows 10&apos;, os.arch: &apos;amd64&apos;, os.version: &apos;10.0&apos;, java.version: &apos;12.0.1&apos;
Driver info: org.openqa.selenium.firefox.FirefoxDriver
Capabilities {acceptInsecureCerts: true, browserName: firefox, browserVersion: 78.0.2, javascriptEnabled: true, moz:accessibilityChecks: false, moz:buildID: 20200708170202, moz:geckodriverVersion: 0.26.0, moz:headless: false, moz:processID: 1728, moz:profile: C:\Windows\Temp\rust_mozpro..., moz:shutdownTimeout: 60000, moz:useNonSpecCompliantPointerOrigin: false, moz:webdriverClick: true, pageLoadStrategy: normal, platform: WINDOWS, platformName: WINDOWS, platformVersion: 10.0, rotatable: false, setWindowRect: true, strictFileInteractability: false, timeouts: {implicit: 0, pageLoad: 300000, script: 30000}, unhandledPromptBehavior: dismiss and notify}
Session ID: 6bcf4775-b4d6-4c96-8418-5ebc6d3e66eb
*** Element info: {Using=name, value=PRD_CLS_ID}
	at org.openqa.selenium.remote.http.W3CHttpResponseCodec.decode(W3CHttpResponseCodec.java:120)
	at org.openqa.selenium.remote.http.W3CHttpResponseCodec.decode(W3CHttpResponseCodec.java:49)
	at org.openqa.selenium.remote.HttpCommandExecutor.execute(HttpCommandExecutor.java:158)
	at org.openqa.selenium.remote.service.DriverCommandExecutor.execute(DriverCommandExecutor.java:83)
	at org.openqa.selenium.remote.RemoteWebDriver.execute(RemoteWebDriver.java:552)
	at org.openqa.selenium.remote.RemoteWebDriver.findElement(RemoteWebDriver.java:323)
	at org.openqa.selenium.remote.RemoteWebDriver.findElementByName(RemoteWebDriver.java:404)
	at org.openqa.selenium.By$ByName.findElement(By.java:284)
	at org.openqa.selenium.remote.RemoteWebDriver.findElement(RemoteWebDriver.java:315)
	at java.base/jdk.internal.reflect.NativeMethodAccessorImpl.invoke0(Native Method)
	at java.base/jdk.internal.reflect.NativeMethodAccessorImpl.invoke(NativeMethodAccessorImpl.java:62)
	at java.base/jdk.internal.reflect.DelegatingMethodAccessorImpl.invoke(DelegatingMethodAccessorImpl.java:43)
	at java.base/java.lang.reflect.Method.invoke(Method.java:567)
	at org.openqa.selenium.support.events.EventFiringWebDriver.lambda$new$1(EventFiringWebDriver.java:105)
	at com.sun.proxy.$Proxy9.findElement(Unknown Source)
	at org.openqa.selenium.support.events.EventFiringWebDriver.findElement(EventFiringWebDriver.java:194)
	at com.mnt.qa.pages.CreateProductMaserPage.CreateProduct(CreateProductMaserPage.java:94)
	at com.mnt.qa.testcases.CreateProductMasterTest.createProductTest(CreateProductMasterTest.java:49)
</failure>
    <system-out>Configuring TestNG with: org.apache.maven.surefire.testng.conf.TestNG652Configurator@3cb5cdba
Before Navigate To URL:https://manufacturentrack-pro.murho.net/NSeries/jsp/index.jsp
After Navigate To URL:https://manufacturentrack-pro.murho.net/NSeries/jsp/index.jsp
Before Find	By:
Before Find	By: By.id: compny
Before Change ValueOf : [[FirefoxDriver: firefox on WINDOWS (6bcf4775-b4d6-4c96-8418-5ebc6d3e66eb)] -&gt; id: compny] Char: [Ljava.lang.CharSequence;@28952dea
After Change ValueOf : [[FirefoxDriver: firefox on WINDOWS (6bcf4775-b4d6-4c96-8418-5ebc6d3e66eb)] -&gt; id: compny] Char: [Ljava.lang.CharSequence;@28952dea
Before Find	By:
Before Find	By: By.id: userid
Before Change ValueOf : [[FirefoxDriver: firefox on WINDOWS (6bcf4775-b4d6-4c96-8418-5ebc6d3e66eb)] -&gt; id: userid] Char: [Ljava.lang.CharSequence;@3bc735b3
After Change ValueOf : [[FirefoxDriver: firefox on WINDOWS (6bcf4775-b4d6-4c96-8418-5ebc6d3e66eb)] -&gt; id: userid] Char: [Ljava.lang.CharSequence;@3bc735b3
Before Find	By:
Before Find	By: By.id: password
Before Change ValueOf : [[FirefoxDriver: firefox on WINDOWS (6bcf4775-b4d6-4c96-8418-5ebc6d3e66eb)] -&gt; id: password] Char: [Ljava.lang.CharSequence;@29a23c3d
After Change ValueOf : [[FirefoxDriver: firefox on WINDOWS (6bcf4775-b4d6-4c96-8418-5ebc6d3e66eb)] -&gt; id: password] Char: [Ljava.lang.CharSequence;@29a23c3d
Before Find	By:
Before Find	By: By.xpath: //button[@type=&apos;submit&apos;]
Before Click on: [[FirefoxDriver: firefox on WINDOWS (6bcf4775-b4d6-4c96-8418-5ebc6d3e66eb)] -&gt; xpath: //button[@type=&apos;submit&apos;]]
After Click on: [[FirefoxDriver: firefox on WINDOWS (6bcf4775-b4d6-4c96-8418-5ebc6d3e66eb)] -&gt; xpath: //button[@type=&apos;submit&apos;]]
Before Find	By:
Before Find	By: By.xpath: //a[text()=&quot;SYS MASTER&quot;]
Before Find	By:
Before Find	By: By.xpath: //table[@id=&quot;sublink12&quot;]//a[text()=&apos;Create Product ID Details&apos;]
Before Click on: [[FirefoxDriver: firefox on WINDOWS (6bcf4775-b4d6-4c96-8418-5ebc6d3e66eb)] -&gt; xpath: //table[@id=&quot;sublink12&quot;]//a[text()=&apos;Create Product ID Details&apos;]]
After Click on: [[FirefoxDriver: firefox on WINDOWS (6bcf4775-b4d6-4c96-8418-5ebc6d3e66eb)] -&gt; xpath: //table[@id=&quot;sublink12&quot;]//a[text()=&apos;Create Product ID Details&apos;]]
Before Find	By:
On Exception  : org.openqa.selenium.UnhandledAlertException: Dismissed user prompt dialog: Failed: 
Build info: version: &apos;3.141.59&apos;, revision: &apos;e82be7d358&apos;, time: &apos;2018-11-14T08:17:03&apos;
System info: host: &apos;SANJAY-LT&apos;, ip: &apos;172.20.10.13&apos;, os.name: &apos;Windows 10&apos;, os.arch: &apos;amd64&apos;, os.version: &apos;10.0&apos;, java.version: &apos;12.0.1&apos;
Driver info: org.openqa.selenium.firefox.FirefoxDriver
Capabilities {acceptInsecureCerts: true, browserName: firefox, browserVersion: 78.0.2, javascriptEnabled: true, moz:accessibilityChecks: false, moz:buildID: 20200708170202, moz:geckodriverVersion: 0.26.0, moz:headless: false, moz:processID: 1728, moz:profile: C:\Windows\Temp\rust_mozpro..., moz:shutdownTimeout: 60000, moz:useNonSpecCompliantPointerOrigin: false, moz:webdriverClick: true, pageLoadStrategy: normal, platform: WINDOWS, platformName: WINDOWS, platformVersion: 10.0, rotatable: false, setWindowRect: true, strictFileInteractability: false, timeouts: {implicit: 0, pageLoad: 300000, script: 30000}, unhandledPromptBehavior: dismiss and notify}
Session ID: 6bcf4775-b4d6-4c96-8418-5ebc6d3e66eb
*** Element info: {Using=name, value=PRD_CLS_ID}
</system-out>
    <system-err>1595164834541	mozrunner::runner	INFO	Running command: &quot;C:\\Program Files\\Mozilla Firefox\\firefox.exe&quot; &quot;-marionette&quot; &quot;-foreground&quot; &quot;-no-remote&quot; &quot;-profile&quot; &quot;C:\\WINDOWS\\TEMP\\rust_mozprofileAcvrzZ&quot;
JavaScript error: resource://gre/modules/XULStore.jsm, line 66: Error: Can&apos;t find profile directory.
console.error: &quot;Could not write session state file &quot; (new Error(&quot;_initWorker called too early! Please read the session file from disk first.&quot;, &quot;resource:///modules/sessionstore/SessionFile.jsm&quot;, 375)) &quot;_initWorker/&lt;@resource:///modules/sessionstore/SessionFile.jsm:375:15\n_initWorker@resource:///modules/sessionstore/SessionFile.jsm:368:12\n_postToWorker@resource:///modules/sessionstore/SessionFile.jsm:410:16\nwrite@resource:///modules/sessionstore/SessionFile.jsm:448:24\nwrite@resource:///modules/sessionstore/SessionFile.jsm:75:32\n_writeState@resource:///modules/sessionstore/SessionSaver.jsm:360:24\n_saveState@resource:///modules/sessionstore/SessionSaver.jsm:294:17\n_saveStateAsync@resource:///modules/sessionstore/SessionSaver.jsm:344:10\nsaveStateAsyncWhenIdle@resource:///modules/sessionstore/SessionSaver.jsm:191:14\ncallback@resource://gre/modules/Timer.jsm:127:16\n&quot;
1595164845233	Marionette	INFO	Listening on port 64339
1595164845493	Marionette	WARN	TLS certificate errors will be ignored for this session
Jul 19, 2020 6:50:45 PM org.openqa.selenium.remote.ProtocolHandshake createSession
INFO: Detected dialect: W3C
JavaScript error: resource://gre/actors/PictureInPictureChild.jsm, line 114: InvalidStateError: An attempt was made to use an object that is not, or is no longer, usable
</system-err>
  </testcase>
  <testcase classname="com.mnt.qa.testcases.CreateProductMasterTest" name="createProductTest" time="0.037">
    <failure message="Dismissed user prompt dialog: Failed: 
Build info: version: &apos;3.141.59&apos;, revision: &apos;e82be7d358&apos;, time: &apos;2018-11-14T08:17:03&apos;
System info: host: &apos;SANJAY-LT&apos;, ip: &apos;172.20.10.13&apos;, os.name: &apos;Windows 10&apos;, os.arch: &apos;amd64&apos;, os.version: &apos;10.0&apos;, java.version: &apos;12.0.1&apos;
Driver info: org.openqa.selenium.firefox.FirefoxDriver
Capabilities {acceptInsecureCerts: true, browserName: firefox, browserVersion: 78.0.2, javascriptEnabled: true, moz:accessibilityChecks: false, moz:buildID: 20200708170202, moz:geckodriverVersion: 0.26.0, moz:headless: false, moz:processID: 10740, moz:profile: C:\Windows\Temp\rust_mozpro..., moz:shutdownTimeout: 60000, moz:useNonSpecCompliantPointerOrigin: false, moz:webdriverClick: true, pageLoadStrategy: normal, platform: WINDOWS, platformName: WINDOWS, platformVersion: 10.0, rotatable: false, setWindowRect: true, strictFileInteractability: false, timeouts: {implicit: 0, pageLoad: 300000, script: 30000}, unhandledPromptBehavior: dismiss and notify}
Session ID: df39ba8e-e570-4601-8891-bc0709e93750
*** Element info: {Using=name, value=PRD_CLS_ID}" type="org.openqa.selenium.UnhandledAlertException">org.openqa.selenium.UnhandledAlertException: Dismissed user prompt dialog: Failed: 
Build info: version: &apos;3.141.59&apos;, revision: &apos;e82be7d358&apos;, time: &apos;2018-11-14T08:17:03&apos;
System info: host: &apos;SANJAY-LT&apos;, ip: &apos;172.20.10.13&apos;, os.name: &apos;Windows 10&apos;, os.arch: &apos;amd64&apos;, os.version: &apos;10.0&apos;, java.version: &apos;12.0.1&apos;
Driver info: org.openqa.selenium.firefox.FirefoxDriver
Capabilities {acceptInsecureCerts: true, browserName: firefox, browserVersion: 78.0.2, javascriptEnabled: true, moz:accessibilityChecks: false, moz:buildID: 20200708170202, moz:geckodriverVersion: 0.26.0, moz:headless: false, moz:processID: 10740, moz:profile: C:\Windows\Temp\rust_mozpro..., moz:shutdownTimeout: 60000, moz:useNonSpecCompliantPointerOrigin: false, moz:webdriverClick: true, pageLoadStrategy: normal, platform: WINDOWS, platformName: WINDOWS, platformVersion: 10.0, rotatable: false, setWindowRect: true, strictFileInteractability: false, timeouts: {implicit: 0, pageLoad: 300000, script: 30000}, unhandledPromptBehavior: dismiss and notify}
Session ID: df39ba8e-e570-4601-8891-bc0709e93750
*** Element info: {Using=name, value=PRD_CLS_ID}
	at org.openqa.selenium.remote.http.W3CHttpResponseCodec.decode(W3CHttpResponseCodec.java:120)
	at org.openqa.selenium.remote.http.W3CHttpResponseCodec.decode(W3CHttpResponseCodec.java:49)
	at org.openqa.selenium.remote.HttpCommandExecutor.execute(HttpCommandExecutor.java:158)
	at org.openqa.selenium.remote.service.DriverCommandExecutor.execute(DriverCommandExecutor.java:83)
	at org.openqa.selenium.remote.RemoteWebDriver.execute(RemoteWebDriver.java:552)
	at org.openqa.selenium.remote.RemoteWebDriver.findElement(RemoteWebDriver.java:323)
	at org.openqa.selenium.remote.RemoteWebDriver.findElementByName(RemoteWebDriver.java:404)
	at org.openqa.selenium.By$ByName.findElement(By.java:284)
	at org.openqa.selenium.remote.RemoteWebDriver.findElement(RemoteWebDriver.java:315)
	at java.base/jdk.internal.reflect.NativeMethodAccessorImpl.invoke0(Native Method)
	at java.base/jdk.internal.reflect.NativeMethodAccessorImpl.invoke(NativeMethodAccessorImpl.java:62)
	at java.base/jdk.internal.reflect.DelegatingMethodAccessorImpl.invoke(DelegatingMethodAccessorImpl.java:43)
	at java.base/java.lang.reflect.Method.invoke(Method.java:567)
	at org.openqa.selenium.support.events.EventFiringWebDriver.lambda$new$1(EventFiringWebDriver.java:105)
	at com.sun.proxy.$Proxy9.findElement(Unknown Source)
	at org.openqa.selenium.support.events.EventFiringWebDriver.findElement(EventFiringWebDriver.java:194)
	at com.mnt.qa.pages.CreateProductMaserPage.CreateProduct(CreateProductMaserPage.java:94)
	at com.mnt.qa.testcases.CreateProductMasterTest.createProductTest(CreateProductMasterTest.java:49)
</failure>
    <system-out>Before Navigate To URL:https://manufacturentrack-pro.murho.net/NSeries/jsp/index.jsp
After Navigate To URL:https://manufacturentrack-pro.murho.net/NSeries/jsp/index.jsp
Before Find	By:
Before Find	By: By.id: compny
Before Change ValueOf : [[FirefoxDriver: firefox on WINDOWS (df39ba8e-e570-4601-8891-bc0709e93750)] -&gt; id: compny] Char: [Ljava.lang.CharSequence;@4d23015c
After Change ValueOf : [[FirefoxDriver: firefox on WINDOWS (df39ba8e-e570-4601-8891-bc0709e93750)] -&gt; id: compny] Char: [Ljava.lang.CharSequence;@4d23015c
Before Find	By:
Before Find	By: By.id: userid
Before Change ValueOf : [[FirefoxDriver: firefox on WINDOWS (df39ba8e-e570-4601-8891-bc0709e93750)] -&gt; id: userid] Char: [Ljava.lang.CharSequence;@353efdbf
After Change ValueOf : [[FirefoxDriver: firefox on WINDOWS (df39ba8e-e570-4601-8891-bc0709e93750)] -&gt; id: userid] Char: [Ljava.lang.CharSequence;@353efdbf
Before Find	By:
Before Find	By: By.id: password
Before Change ValueOf : [[FirefoxDriver: firefox on WINDOWS (df39ba8e-e570-4601-8891-bc0709e93750)] -&gt; id: password] Char: [Ljava.lang.CharSequence;@78faea5f
After Change ValueOf : [[FirefoxDriver: firefox on WINDOWS (df39ba8e-e570-4601-8891-bc0709e93750)] -&gt; id: password] Char: [Ljava.lang.CharSequence;@78faea5f
Before Find	By:
Before Find	By: By.xpath: //button[@type=&apos;submit&apos;]
Before Click on: [[FirefoxDriver: firefox on WINDOWS (df39ba8e-e570-4601-8891-bc0709e93750)] -&gt; xpath: //button[@type=&apos;submit&apos;]]
After Click on: [[FirefoxDriver: firefox on WINDOWS (df39ba8e-e570-4601-8891-bc0709e93750)] -&gt; xpath: //button[@type=&apos;submit&apos;]]
Before Find	By:
Before Find	By: By.xpath: //a[text()=&quot;SYS MASTER&quot;]
Before Find	By:
Before Find	By: By.xpath: //table[@id=&quot;sublink12&quot;]//a[text()=&apos;Create Product ID Details&apos;]
Before Click on: [[FirefoxDriver: firefox on WINDOWS (df39ba8e-e570-4601-8891-bc0709e93750)] -&gt; xpath: //table[@id=&quot;sublink12&quot;]//a[text()=&apos;Create Product ID Details&apos;]]
After Click on: [[FirefoxDriver: firefox on WINDOWS (df39ba8e-e570-4601-8891-bc0709e93750)] -&gt; xpath: //table[@id=&quot;sublink12&quot;]//a[text()=&apos;Create Product ID Details&apos;]]
Before Find	By:
On Exception  : org.openqa.selenium.UnhandledAlertException: Dismissed user prompt dialog: Failed: 
Build info: version: &apos;3.141.59&apos;, revision: &apos;e82be7d358&apos;, time: &apos;2018-11-14T08:17:03&apos;
System info: host: &apos;SANJAY-LT&apos;, ip: &apos;172.20.10.13&apos;, os.name: &apos;Windows 10&apos;, os.arch: &apos;amd64&apos;, os.version: &apos;10.0&apos;, java.version: &apos;12.0.1&apos;
Driver info: org.openqa.selenium.firefox.FirefoxDriver
Capabilities {acceptInsecureCerts: true, browserName: firefox, browserVersion: 78.0.2, javascriptEnabled: true, moz:accessibilityChecks: false, moz:buildID: 20200708170202, moz:geckodriverVersion: 0.26.0, moz:headless: false, moz:processID: 10740, moz:profile: C:\Windows\Temp\rust_mozpro..., moz:shutdownTimeout: 60000, moz:useNonSpecCompliantPointerOrigin: false, moz:webdriverClick: true, pageLoadStrategy: normal, platform: WINDOWS, platformName: WINDOWS, platformVersion: 10.0, rotatable: false, setWindowRect: true, strictFileInteractability: false, timeouts: {implicit: 0, pageLoad: 300000, script: 30000}, unhandledPromptBehavior: dismiss and notify}
Session ID: df39ba8e-e570-4601-8891-bc0709e93750
*** Element info: {Using=name, value=PRD_CLS_ID}
</system-out>
    <system-err>1595164865035	mozrunner::runner	INFO	Running command: &quot;C:\\Program Files\\Mozilla Firefox\\firefox.exe&quot; &quot;-marionette&quot; &quot;-foreground&quot; &quot;-no-remote&quot; &quot;-profile&quot; &quot;C:\\WINDOWS\\TEMP\\rust_mozprofilea9tUIK&quot;
JavaScript error: resource://gre/modules/Prompter.jsm, line 1081: NS_ERROR_NOT_AVAILABLE
JavaScript warning: https://manufacturentrack-pro.murho.net/NSeries/jsp/js/general.js, line 47: unreachable code after return statement
JavaScript error: https://manufacturentrack-pro.murho.net/NSeries/jsp/js/general.js, line 297: ReferenceError: $ is not defined
JavaScript warning: https://manufacturentrack-pro.murho.net/NSeries/jsp/js/jquery-1.4.2.js, line 3686: unreachable code after return statement
JavaScript error: resource://gre/modules/XULStore.jsm, line 66: Error: Can&apos;t find profile directory.
1595164871066	Marionette	INFO	Listening on port 64409
1595164871566	Marionette	WARN	TLS certificate errors will be ignored for this session
Jul 19, 2020 6:51:11 PM org.openqa.selenium.remote.ProtocolHandshake createSession
INFO: Detected dialect: W3C
JavaScript error: resource://gre/actors/PictureInPictureChild.jsm, line 114: InvalidStateError: An attempt was made to use an object that is not, or is no longer, usable
</system-err>
  </testcase>
  <testcase classname="com.mnt.qa.testcases.CreateProductMasterTest" name="createProductTest" time="0.03">
    <failure message="Dismissed user prompt dialog: Failed: 
Build info: version: &apos;3.141.59&apos;, revision: &apos;e82be7d358&apos;, time: &apos;2018-11-14T08:17:03&apos;
System info: host: &apos;SANJAY-LT&apos;, ip: &apos;172.20.10.13&apos;, os.name: &apos;Windows 10&apos;, os.arch: &apos;amd64&apos;, os.version: &apos;10.0&apos;, java.version: &apos;12.0.1&apos;
Driver info: org.openqa.selenium.firefox.FirefoxDriver
Capabilities {acceptInsecureCerts: true, browserName: firefox, browserVersion: 78.0.2, javascriptEnabled: true, moz:accessibilityChecks: false, moz:buildID: 20200708170202, moz:geckodriverVersion: 0.26.0, moz:headless: false, moz:processID: 16624, moz:profile: C:\Windows\Temp\rust_mozpro..., moz:shutdownTimeout: 60000, moz:useNonSpecCompliantPointerOrigin: false, moz:webdriverClick: true, pageLoadStrategy: normal, platform: WINDOWS, platformName: WINDOWS, platformVersion: 10.0, rotatable: false, setWindowRect: true, strictFileInteractability: false, timeouts: {implicit: 0, pageLoad: 300000, script: 30000}, unhandledPromptBehavior: dismiss and notify}
Session ID: c4695d0c-ce85-431b-8ab0-13abd7923f09
*** Element info: {Using=name, value=PRD_CLS_ID}" type="org.openqa.selenium.UnhandledAlertException">org.openqa.selenium.UnhandledAlertException: Dismissed user prompt dialog: Failed: 
Build info: version: &apos;3.141.59&apos;, revision: &apos;e82be7d358&apos;, time: &apos;2018-11-14T08:17:03&apos;
System info: host: &apos;SANJAY-LT&apos;, ip: &apos;172.20.10.13&apos;, os.name: &apos;Windows 10&apos;, os.arch: &apos;amd64&apos;, os.version: &apos;10.0&apos;, java.version: &apos;12.0.1&apos;
Driver info: org.openqa.selenium.firefox.FirefoxDriver
Capabilities {acceptInsecureCerts: true, browserName: firefox, browserVersion: 78.0.2, javascriptEnabled: true, moz:accessibilityChecks: false, moz:buildID: 20200708170202, moz:geckodriverVersion: 0.26.0, moz:headless: false, moz:processID: 16624, moz:profile: C:\Windows\Temp\rust_mozpro..., moz:shutdownTimeout: 60000, moz:useNonSpecCompliantPointerOrigin: false, moz:webdriverClick: true, pageLoadStrategy: normal, platform: WINDOWS, platformName: WINDOWS, platformVersion: 10.0, rotatable: false, setWindowRect: true, strictFileInteractability: false, timeouts: {implicit: 0, pageLoad: 300000, script: 30000}, unhandledPromptBehavior: dismiss and notify}
Session ID: c4695d0c-ce85-431b-8ab0-13abd7923f09
*** Element info: {Using=name, value=PRD_CLS_ID}
	at org.openqa.selenium.remote.http.W3CHttpResponseCodec.decode(W3CHttpResponseCodec.java:120)
	at org.openqa.selenium.remote.http.W3CHttpResponseCodec.decode(W3CHttpResponseCodec.java:49)
	at org.openqa.selenium.remote.HttpCommandExecutor.execute(HttpCommandExecutor.java:158)
	at org.openqa.selenium.remote.service.DriverCommandExecutor.execute(DriverCommandExecutor.java:83)
	at org.openqa.selenium.remote.RemoteWebDriver.execute(RemoteWebDriver.java:552)
	at org.openqa.selenium.remote.RemoteWebDriver.findElement(RemoteWebDriver.java:323)
	at org.openqa.selenium.remote.RemoteWebDriver.findElementByName(RemoteWebDriver.java:404)
	at org.openqa.selenium.By$ByName.findElement(By.java:284)
	at org.openqa.selenium.remote.RemoteWebDriver.findElement(RemoteWebDriver.java:315)
	at jdk.internal.reflect.GeneratedMethodAccessor3.invoke(Unknown Source)
	at java.base/jdk.internal.reflect.DelegatingMethodAccessorImpl.invoke(DelegatingMethodAccessorImpl.java:43)
	at java.base/java.lang.reflect.Method.invoke(Method.java:567)
	at org.openqa.selenium.support.events.EventFiringWebDriver.lambda$new$1(EventFiringWebDriver.java:105)
	at com.sun.proxy.$Proxy9.findElement(Unknown Source)
	at org.openqa.selenium.support.events.EventFiringWebDriver.findElement(EventFiringWebDriver.java:194)
	at com.mnt.qa.pages.CreateProductMaserPage.CreateProduct(CreateProductMaserPage.java:94)
	at com.mnt.qa.testcases.CreateProductMasterTest.createProductTest(CreateProductMasterTest.java:49)
</failure>
    <system-out>Before Navigate To URL:https://manufacturentrack-pro.murho.net/NSeries/jsp/index.jsp
After Navigate To URL:https://manufacturentrack-pro.murho.net/NSeries/jsp/index.jsp
Before Find	By:
Before Find	By: By.id: compny
Before Change ValueOf : [[FirefoxDriver: firefox on WINDOWS (c4695d0c-ce85-431b-8ab0-13abd7923f09)] -&gt; id: compny] Char: [Ljava.lang.CharSequence;@1cb19dba
After Change ValueOf : [[FirefoxDriver: firefox on WINDOWS (c4695d0c-ce85-431b-8ab0-13abd7923f09)] -&gt; id: compny] Char: [Ljava.lang.CharSequence;@1cb19dba
Before Find	By:
Before Find	By: By.id: userid
Before Change ValueOf : [[FirefoxDriver: firefox on WINDOWS (c4695d0c-ce85-431b-8ab0-13abd7923f09)] -&gt; id: userid] Char: [Ljava.lang.CharSequence;@35088e87
After Change ValueOf : [[FirefoxDriver: firefox on WINDOWS (c4695d0c-ce85-431b-8ab0-13abd7923f09)] -&gt; id: userid] Char: [Ljava.lang.CharSequence;@35088e87
Before Find	By:
Before Find	By: By.id: password
Before Change ValueOf : [[FirefoxDriver: firefox on WINDOWS (c4695d0c-ce85-431b-8ab0-13abd7923f09)] -&gt; id: password] Char: [Ljava.lang.CharSequence;@37b72ea
After Change ValueOf : [[FirefoxDriver: firefox on WINDOWS (c4695d0c-ce85-431b-8ab0-13abd7923f09)] -&gt; id: password] Char: [Ljava.lang.CharSequence;@37b72ea
Before Find	By:
Before Find	By: By.xpath: //button[@type=&apos;submit&apos;]
Before Click on: [[FirefoxDriver: firefox on WINDOWS (c4695d0c-ce85-431b-8ab0-13abd7923f09)] -&gt; xpath: //button[@type=&apos;submit&apos;]]
After Click on: [[FirefoxDriver: firefox on WINDOWS (c4695d0c-ce85-431b-8ab0-13abd7923f09)] -&gt; xpath: //button[@type=&apos;submit&apos;]]
Before Find	By:
Before Find	By: By.xpath: //a[text()=&quot;SYS MASTER&quot;]
Before Find	By:
Before Find	By: By.xpath: //table[@id=&quot;sublink12&quot;]//a[text()=&apos;Create Product ID Details&apos;]
Before Click on: [[FirefoxDriver: firefox on WINDOWS (c4695d0c-ce85-431b-8ab0-13abd7923f09)] -&gt; xpath: //table[@id=&quot;sublink12&quot;]//a[text()=&apos;Create Product ID Details&apos;]]
After Click on: [[FirefoxDriver: firefox on WINDOWS (c4695d0c-ce85-431b-8ab0-13abd7923f09)] -&gt; xpath: //table[@id=&quot;sublink12&quot;]//a[text()=&apos;Create Product ID Details&apos;]]
Before Find	By:
On Exception  : org.openqa.selenium.UnhandledAlertException: Dismissed user prompt dialog: Failed: 
Build info: version: &apos;3.141.59&apos;, revision: &apos;e82be7d358&apos;, time: &apos;2018-11-14T08:17:03&apos;
System info: host: &apos;SANJAY-LT&apos;, ip: &apos;172.20.10.13&apos;, os.name: &apos;Windows 10&apos;, os.arch: &apos;amd64&apos;, os.version: &apos;10.0&apos;, java.version: &apos;12.0.1&apos;
Driver info: org.openqa.selenium.firefox.FirefoxDriver
Capabilities {acceptInsecureCerts: true, browserName: firefox, browserVersion: 78.0.2, javascriptEnabled: true, moz:accessibilityChecks: false, moz:buildID: 20200708170202, moz:geckodriverVersion: 0.26.0, moz:headless: false, moz:processID: 16624, moz:profile: C:\Windows\Temp\rust_mozpro..., moz:shutdownTimeout: 60000, moz:useNonSpecCompliantPointerOrigin: false, moz:webdriverClick: true, pageLoadStrategy: normal, platform: WINDOWS, platformName: WINDOWS, platformVersion: 10.0, rotatable: false, setWindowRect: true, strictFileInteractability: false, timeouts: {implicit: 0, pageLoad: 300000, script: 30000}, unhandledPromptBehavior: dismiss and notify}
Session ID: c4695d0c-ce85-431b-8ab0-13abd7923f09
*** Element info: {Using=name, value=PRD_CLS_ID}
</system-out>
    <system-err>JavaScript error: resource://gre/modules/Prompter.jsm, line 1081: NS_ERROR_NOT_AVAILABLE
JavaScript warning: https://manufacturentrack-pro.murho.net/NSeries/jsp/js/general.js, line 47: unreachable code after return statement
JavaScript error: https://manufacturentrack-pro.murho.net/NSeries/jsp/js/general.js, line 297: ReferenceError: $ is not defined
JavaScript warning: https://manufacturentrack-pro.murho.net/NSeries/jsp/js/jquery-1.4.2.js, line 3686: unreachable code after return statement
1595164883109	mozrunner::runner	INFO	Running command: &quot;C:\\Program Files\\Mozilla Firefox\\firefox.exe&quot; &quot;-marionette&quot; &quot;-foreground&quot; &quot;-no-remote&quot; &quot;-profile&quot; &quot;C:\\WINDOWS\\TEMP\\rust_mozprofileQIXGT5&quot;
JavaScript error: resource://gre/modules/XULStore.jsm, line 66: Error: Can&apos;t find profile directory.
console.error: &quot;Could not write session state file &quot; (new Error(&quot;_initWorker called too early! Please read the session file from disk first.&quot;, &quot;resource:///modules/sessionstore/SessionFile.jsm&quot;, 375)) &quot;_initWorker/&lt;@resource:///modules/sessionstore/SessionFile.jsm:375:15\n_initWorker@resource:///modules/sessionstore/SessionFile.jsm:368:12\n_postToWorker@resource:///modules/sessionstore/SessionFile.jsm:410:16\nwrite@resource:///modules/sessionstore/SessionFile.jsm:448:24\nwrite@resource:///modules/sessionstore/SessionFile.jsm:75:32\n_writeState@resource:///modules/sessionstore/SessionSaver.jsm:360:24\n_saveState@resource:///modules/sessionstore/SessionSaver.jsm:294:17\n_saveStateAsync@resource:///modules/sessionstore/SessionSaver.jsm:344:10\nsaveStateAsyncWhenIdle@resource:///modules/sessionstore/SessionSaver.jsm:191:14\ncallback@resource://gre/modules/Timer.jsm:127:16\n&quot;
1595164891467	Marionette	INFO	Listening on port 64465
1595164891850	Marionette	WARN	TLS certificate errors will be ignored for this session
Jul 19, 2020 6:51:31 PM org.openqa.selenium.remote.ProtocolHandshake createSession
INFO: Detected dialect: W3C
JavaScript error: resource://gre/actors/PictureInPictureChild.jsm, line 114: InvalidStateError: An attempt was made to use an object that is not, or is no longer, usable
</system-err>
  </testcase>
  <testcase classname="com.mnt.qa.testcases.CreateProductMasterTest" name="createProductTest" time="2.41"/>
  <testcase classname="com.mnt.qa.testcases.LoginPageTest" name="loginPageTitleTest" time="0.013"/>
  <testcase classname="com.mnt.qa.testcases.LoginPageTest" name="loginPageValidateLogoImgTest" time="0.07"/>
  <testcase classname="com.mnt.qa.testcases.LoginPageTest" name="loginPageLoginTest" time="3.793"/>
</testsuite>