<?xml version="1.0" encoding="UTF-8"?>
<testng-results ignored="0" total="3" passed="3" failed="0" skipped="0">
  <reporter-output>
  </reporter-output>
  <suite started-at="2020-07-18T16:52:38 IST" name="Default suite" finished-at="2020-07-18T16:53:48 IST" duration-ms="69873">
    <groups>
    </groups>
    <test started-at="2020-07-18T16:52:38 IST" name="Default test" finished-at="2020-07-18T16:53:48 IST" duration-ms="69873">
      <class name="com.mnt.qa.testcases.LoginPageTest">
        <test-method is-config="true" signature="setUp()[pri:0, instance:com.mnt.qa.testcases.LoginPageTest@5ae50ce6]" started-at="2020-07-18T16:52:38 IST" name="setUp" finished-at="2020-07-18T16:52:55 IST" duration-ms="16517" status="PASS">
          <reporter-output>
          </reporter-output>
        </test-method> <!-- setUp -->
        <test-method signature="loginPageTitleTest()[pri:1, instance:com.mnt.qa.testcases.LoginPageTest@5ae50ce6]" started-at="2020-07-18T16:52:55 IST" name="loginPageTitleTest" finished-at="2020-07-18T16:52:55 IST" duration-ms="43" status="PASS">
          <reporter-output>
          </reporter-output>
        </test-method> <!-- loginPageTitleTest -->
        <test-method is-config="true" signature="tearDown()[pri:0, instance:com.mnt.qa.testcases.LoginPageTest@5ae50ce6]" started-at="2020-07-18T16:52:55 IST" name="tearDown" finished-at="2020-07-18T16:52:59 IST" duration-ms="4568" status="PASS">
          <reporter-output>
          </reporter-output>
        </test-method> <!-- tearDown -->
        <test-method is-config="true" signature="setUp()[pri:0, instance:com.mnt.qa.testcases.LoginPageTest@5ae50ce6]" started-at="2020-07-18T16:52:59 IST" name="setUp" finished-at="2020-07-18T16:53:18 IST" duration-ms="18500" status="PASS">
          <reporter-output>
          </reporter-output>
        </test-method> <!-- setUp -->
        <test-method signature="loginPageValidateLogoImgTest()[pri:2, instance:com.mnt.qa.testcases.LoginPageTest@5ae50ce6]" started-at="2020-07-18T16:53:18 IST" name="loginPageValidateLogoImgTest" finished-at="2020-07-18T16:53:18 IST" duration-ms="122" status="PASS">
          <reporter-output>
          </reporter-output>
        </test-method> <!-- loginPageValidateLogoImgTest -->
        <test-method is-config="true" signature="tearDown()[pri:0, instance:com.mnt.qa.testcases.LoginPageTest@5ae50ce6]" started-at="2020-07-18T16:53:18 IST" name="tearDown" finished-at="2020-07-18T16:53:22 IST" duration-ms="3935" status="PASS">
          <reporter-output>
          </reporter-output>
        </test-method> <!-- tearDown -->
        <test-method is-config="true" signature="setUp()[pri:0, instance:com.mnt.qa.testcases.LoginPageTest@5ae50ce6]" started-at="2020-07-18T16:53:22 IST" name="setUp" finished-at="2020-07-18T16:53:36 IST" duration-ms="14414" status="PASS">
          <reporter-output>
          </reporter-output>
        </test-method> <!-- setUp -->
        <test-method signature="loginPageLoginTest()[pri:3, instance:com.mnt.qa.testcases.LoginPageTest@5ae50ce6]" started-at="2020-07-18T16:53:36 IST" name="loginPageLoginTest" finished-at="2020-07-18T16:53:43 IST" duration-ms="7050" status="PASS">
          <reporter-output>
          </reporter-output>
        </test-method> <!-- loginPageLoginTest -->
        <test-method is-config="true" signature="tearDown()[pri:0, instance:com.mnt.qa.testcases.LoginPageTest@5ae50ce6]" started-at="2020-07-18T16:53:43 IST" name="tearDown" finished-at="2020-07-18T16:53:48 IST" duration-ms="4658" status="PASS">
          <reporter-output>
          </reporter-output>
        </test-method> <!-- tearDown -->
      </class> <!-- com.mnt.qa.testcases.LoginPageTest -->
    </test> <!-- Default test -->
  </suite> <!-- Default suite -->
</testng-results>
